<?xml version="1.0" encoding="UTF-8"?>
<!-- Generated by org.testng.reporters.JUnitReportReporter -->
<testsuite hostname="DESKTOP-LV82ONI" failures="0" tests="1" name="com.actitime.test.AssertValidation" time="15.356" errors="0" timestamp="2020-02-21T01:15:38 IST" skipped="0">
  <testcase classname="com.actitime.test.AssertValidation" name="testGoogle" time="15.356"/>
</testsuite> <!-- com.actitime.test.AssertValidation -->
