<?xml version="1.0" encoding="UTF-8"?>
<!-- Generated by org.testng.reporters.JUnitReportReporter -->
<testsuite hostname="DESKTOP-LV82ONI" failures="0" tests="1" name="com.actitime.test.GroupExecution" time="0.028" errors="0" timestamp="2020-02-12T19:15:48 IST" skipped="0">
  <testcase classname="com.actitime.test.GroupExecution" name="CreateCustomer" time="0.028"/>
</testsuite> <!-- com.actitime.test.GroupExecution -->
