<?xml version="1.0" encoding="UTF-8"?>
<!-- Generated by org.testng.reporters.JUnitReportReporter -->
<testsuite hostname="DESKTOP-LV82ONI" failures="0" tests="4" name="com.actitime.test.Demo1" time="0.016" errors="0" timestamp="2020-02-05T23:23:10 IST" skipped="0">
  <testcase classname="com.actitime.test.Demo1" name="DeleteCustomer" time="0.002"/>
  <testcase classname="com.actitime.test.Demo1" name="RegisterCustomer" time="0.005"/>
  <testcase classname="com.actitime.test.Demo1" name="EditCustomer" time="0.004"/>
  <testcase classname="com.actitime.test.Demo1" name="EditCustomer" time="0.005"/>
</testsuite> <!-- com.actitime.test.Demo1 -->
