<?xml version="1.0" encoding="UTF-8"?>
<!-- Generated by org.testng.reporters.JUnitReportReporter -->
<testsuite hostname="DESKTOP-LV82ONI" failures="0" tests="2" name="com.actitime.test.Demo" time="0.006" errors="0" timestamp="2020-02-05T23:23:10 IST" skipped="0">
  <testcase classname="com.actitime.test.Demo" name="CreateCustomer" time="0.003"/>
  <testcase classname="com.actitime.test.Demo" name="DeleteCustomer" time="0.003"/>
</testsuite> <!-- com.actitime.test.Demo -->
